<?xml version="1.0" encoding="UTF-8"?>
<testng-results skipped="0" failed="0" total="1" passed="1">
  <reporter-output>
  </reporter-output>
  <suite name="Default suite" duration-ms="100520" started-at="2018-08-28T05:20:24Z" finished-at="2018-08-28T05:22:05Z">
    <groups>
    </groups>
    <test name="Default test" duration-ms="100520" started-at="2018-08-28T05:20:24Z" finished-at="2018-08-28T05:22:05Z">
      <class name="com.selenium.advanced.concepts.Verify_Disable_Element">
        <test-method status="PASS" signature="verifyobject()[pri:0, instance:com.selenium.advanced.concepts.Verify_Disable_Element@7921b0a2]" name="verifyobject" duration-ms="100278" started-at="2018-08-28T10:50:24Z" finished-at="2018-08-28T10:52:05Z">
          <reporter-output>
          </reporter-output>
        </test-method> <!-- verifyobject -->
      </class> <!-- com.selenium.advanced.concepts.Verify_Disable_Element -->
    </test> <!-- Default test -->
  </suite> <!-- Default suite -->
</testng-results>
